mode: set
github.mpi-internal.com/guillermo-dlsg/movies-api/pkg/movies/api.go:23.88,27.21 2 1
github.mpi-internal.com/guillermo-dlsg/movies-api/pkg/movies/api.go:30.2,32.21 3 1
github.mpi-internal.com/guillermo-dlsg/movies-api/pkg/movies/api.go:38.2,39.16 2 1
github.mpi-internal.com/guillermo-dlsg/movies-api/pkg/movies/api.go:44.2,45.16 2 1
github.mpi-internal.com/guillermo-dlsg/movies-api/pkg/movies/api.go:48.2,52.31 3 1
github.mpi-internal.com/guillermo-dlsg/movies-api/pkg/movies/api.go:27.21,29.3 1 1
github.mpi-internal.com/guillermo-dlsg/movies-api/pkg/movies/api.go:32.21,34.3 1 1
github.mpi-internal.com/guillermo-dlsg/movies-api/pkg/movies/api.go:39.16,41.3 1 1
github.mpi-internal.com/guillermo-dlsg/movies-api/pkg/movies/api.go:45.16,47.3 1 0
github.mpi-internal.com/guillermo-dlsg/movies-api/pkg/movies/movies.go:11.37,11.54 1 1
github.mpi-internal.com/guillermo-dlsg/movies-api/pkg/movies/movies.go:12.37,13.30 1 1
github.mpi-internal.com/guillermo-dlsg/movies-api/pkg/movies/movies.go:13.30,15.3 1 1
github.mpi-internal.com/guillermo-dlsg/movies-api/pkg/movies/movies.go:15.7,17.3 1 1
github.mpi-internal.com/guillermo-dlsg/movies-api/pkg/movies/movies.go:19.37,19.64 1 1
